<?xml version="1.0" encoding="UTF-8"?>
<!-- Generated by org.testng.reporters.JUnitXMLReporter -->
<testsuite hostname="sanjanas-air.lan" ignored="0" name="Register Page test" tests="1" failures="1" timestamp="17 Mar 2023 18:44:09 GMT" time="23.539" errors="0">
  <testcase name="userRegTest" time="0.0" classname="com.qa.opencart.test.RegisterPageTest">
    <failure type="org.testng.TestNGException" message="
Data Provider public java.lang.Object[][] com.qa.opencart.test.RegisterPageTest.getRegTestData() returned a null value">
      <![CDATA[org.testng.TestNGException: 
Data Provider public java.lang.Object[][] com.qa.opencart.test.RegisterPageTest.getRegTestData() returned a null value
at org.testng.internal.MethodInvocationHelper.invokeDataProvider(MethodInvocationHelper.java:133)
at org.testng.internal.Parameters.handleParameters(Parameters.java:706)
at org.testng.internal.ParameterHandler.handleParameters(ParameterHandler.java:49)
at org.testng.internal.ParameterHandler.createParameters(ParameterHandler.java:37)
at org.testng.internal.Invoker.invokeTestMethods(Invoker.java:924)
at org.testng.internal.TestMethodWorker.invokeTestMethods(TestMethodWorker.java:125)
at org.testng.internal.TestMethodWorker.run(TestMethodWorker.java:109)
at org.testng.TestRunner.privateRun(TestRunner.java:648)
at org.testng.TestRunner.run(TestRunner.java:505)
at org.testng.SuiteRunner.runTest(SuiteRunner.java:455)
at org.testng.SuiteRunner.access$000(SuiteRunner.java:40)
at org.testng.SuiteRunner$SuiteWorker.run(SuiteRunner.java:489)
at org.testng.internal.thread.ThreadUtil$1.call(ThreadUtil.java:52)
at java.util.concurrent.FutureTask.run(FutureTask.java:266)
at java.util.concurrent.ThreadPoolExecutor.runWorker(ThreadPoolExecutor.java:1149)
at java.util.concurrent.ThreadPoolExecutor$Worker.run(ThreadPoolExecutor.java:624)
at java.lang.Thread.run(Thread.java:750)
]]>
    </failure>
  </testcase> <!-- userRegTest -->
</testsuite> <!-- Register Page test -->
